[09:15:19] [ServerMain/INFO]: [bootstrap] Running Java 21 (OpenJDK 64-Bit Server VM 21.0.2+13-58; Oracle Corporation null) on Mac OS X 15.4.1 (aarch64)
[09:15:19] [ServerMain/INFO]: [bootstrap] Loading Purpur 1.21.5-2434-HEAD@09f547d (2025-05-18T22:57:26Z) for Minecraft 1.21.5
[09:15:20] [ServerMain/INFO]: [PluginInitializerManager] Initializing plugins...
[09:15:20] [ServerMain/INFO]: [PluginInitializerManager] Initialized 0 plugins
[09:15:23] [ServerMain/INFO]: Environment: Environment[sessionHost=https://sessionserver.mojang.com, servicesHost=https://api.minecraftservices.com, name=PROD]
[09:15:23] [ServerMain/INFO]: Found new data pack file/bukkit, loading it automatically
[09:15:23] [ServerMain/INFO]: Found new data pack paper, loading it automatically
[09:15:23] [ServerMain/INFO]: No existing world data, creating new world
[09:15:23] [ServerMain/INFO]: Loaded 1373 recipes
[09:15:23] [ServerMain/INFO]: Loaded 1484 advancements
[09:15:24] [Server thread/INFO]: Starting minecraft server version 1.21.5
[09:15:24] [Server thread/INFO]: Loading properties
[09:15:24] [Server thread/INFO]: This server is running Purpur version 1.21.5-2434-HEAD@09f547d (2025-05-18T22:57:26Z) (Implementing API version 1.21.5-R0.1-SNAPSHOT)
[09:15:24] [Server thread/INFO]: [spark] This server bundles the spark profiler. For more information please visit https://docs.papermc.io/paper/profiling
[09:15:24] [Server thread/INFO]: Using 4 threads for Netty based IO
[09:15:24] [Server thread/INFO]: Server Ping Player Sample Count: 12
[09:15:24] [Server thread/INFO]: [MoonriseCommon] Paper is using 2 worker threads, 1 I/O threads
[09:15:24] [Server thread/INFO]: [ChunkTaskScheduler] Chunk system is using population gen parallelism: true
[09:15:25] [Server thread/INFO]: Default game type: SURVIVAL
[09:15:25] [Server thread/INFO]: Generating keypair
[09:15:25] [Server thread/INFO]: Starting Minecraft server on *:25565
[09:15:25] [Server thread/INFO]: Using default channel type
[09:15:25] [Server thread/INFO]: Paper: Using libdeflate (macOS ARM64 / Apple Silicon) compression from Velocity.
[09:15:25] [Server thread/INFO]: Paper: Using native (macOS ARM64 / Apple Silicon) cipher from Velocity.
[09:15:25] [Server thread/INFO]: Preparing level "world"
[09:15:31] [Server thread/INFO]: Preparing start region for dimension minecraft:overworld
[09:15:31] [Server thread/INFO]: Preparing spawn area: 2%
[09:15:31] [Server thread/INFO]: Preparing spawn area: 2%
[09:15:32] [Server thread/INFO]: Preparing spawn area: 2%
[09:15:32] [Server thread/INFO]: Preparing spawn area: 6%
[09:15:33] [Server thread/INFO]: Preparing spawn area: 18%
[09:15:33] [Server thread/INFO]: Preparing spawn area: 18%
[09:15:34] [Server thread/INFO]: Preparing spawn area: 51%
[09:15:34] [Server thread/INFO]: Preparing spawn area: 51%
[09:15:35] [Server thread/INFO]: Time elapsed: 3991 ms
[09:15:35] [Server thread/INFO]: Preparing start region for dimension minecraft:the_nether
[09:15:35] [Server thread/INFO]: Preparing spawn area: 2%
[09:15:35] [Server thread/INFO]: Preparing spawn area: 38%
[09:15:35] [Server thread/INFO]: Time elapsed: 728 ms
[09:15:35] [Server thread/INFO]: Preparing start region for dimension minecraft:the_end
[09:15:35] [Server thread/INFO]: Preparing spawn area: 2%
[09:15:35] [Server thread/INFO]: Time elapsed: 206 ms
[09:15:36] [Server thread/INFO]: [spark] Starting background profiler...
[09:15:37] [Server thread/INFO]: Done preparing level "world" (11.681s)
[09:15:37] [Server thread/INFO]: Running delayed init tasks
[09:15:37] [Server thread/INFO]: Done (18.345s)! For help, type "help"
[09:15:37] [Server thread/INFO]: *************************************************************************************
[09:15:37] [Server thread/INFO]: This is the first time you're starting this server.
[09:15:37] [Server thread/INFO]: It's recommended you read our 'Getting Started' documentation for guidance.
[09:15:37] [Server thread/INFO]: View this and more helpful information here: https://docs.papermc.io/paper/next-steps
[09:15:37] [Server thread/INFO]: *************************************************************************************
[09:18:37] [User Authenticator #0/INFO]: UUID of player YoshDawg_ is acd15f0a-c9b2-48d1-b9e2-0335d44bb49c
[09:18:38] [Server thread/INFO]: YoshDawg_ joined the game
[09:18:38] [Server thread/INFO]: YoshDawg_[/127.0.0.1:61375] logged in with entity id 63 at ([world]3.5, 71.0, -0.5)
[09:18:59] [Server thread/INFO]: YoshDawg_ lost connection: Disconnected
[09:18:59] [Server thread/INFO]: YoshDawg_ left the game
[09:19:03] [Server thread/INFO]: Stopping server
[09:19:03] [Server thread/INFO]: Saving players
[09:19:03] [Server thread/INFO]: Saving worlds
[09:19:03] [Server thread/INFO]: Saving chunks for level 'ServerLevel[world]'/minecraft:overworld
[09:19:03] [Server thread/INFO]: [ChunkHolderManager] Waiting 60s for chunk system to halt for world 'world'
[09:19:03] [Server thread/INFO]: [ChunkHolderManager] Halted chunk system for world 'world'
[09:19:03] [Server thread/INFO]: [ChunkHolderManager] Saving all chunkholders for world 'world'
[09:19:05] [Server thread/INFO]: [ChunkHolderManager] Saved 2209 block chunks, 625 entity chunks, 30 poi chunks in world 'world' in 1.16s
[09:19:05] [Server thread/INFO]: [ChunkHolderManager] Waiting 60s for chunk I/O to halt for world 'world'
[09:19:05] [Server thread/INFO]: [ChunkHolderManager] Halted I/O scheduler for world 'world'
[09:19:05] [Server thread/INFO]: Saving chunks for level 'ServerLevel[world_nether]'/minecraft:the_nether
[09:19:05] [Server thread/INFO]: [ChunkHolderManager] Waiting 60s for chunk system to halt for world 'world_nether'
[09:19:05] [Server thread/INFO]: [ChunkHolderManager] Halted chunk system for world 'world_nether'
[09:19:05] [Server thread/INFO]: [ChunkHolderManager] Saving all chunkholders for world 'world_nether'
[09:19:05] [Server thread/INFO]: [ChunkHolderManager] Saved 841 block chunks, 49 entity chunks, 0 poi chunks in world 'world_nether' in 0.15s
[09:19:05] [Server thread/INFO]: [ChunkHolderManager] Waiting 60s for chunk I/O to halt for world 'world_nether'
[09:19:05] [Server thread/INFO]: [ChunkHolderManager] Halted I/O scheduler for world 'world_nether'
[09:19:05] [Server thread/INFO]: Saving chunks for level 'ServerLevel[world_the_end]'/minecraft:the_end
[09:19:05] [Server thread/INFO]: [ChunkHolderManager] Waiting 60s for chunk system to halt for world 'world_the_end'
[09:19:05] [Server thread/INFO]: [ChunkHolderManager] Halted chunk system for world 'world_the_end'
[09:19:05] [Server thread/INFO]: [ChunkHolderManager] Saving all chunkholders for world 'world_the_end'
[09:19:05] [Server thread/INFO]: [ChunkHolderManager] Saved 841 block chunks, 49 entity chunks, 0 poi chunks in world 'world_the_end' in 0.13s
[09:19:05] [Server thread/INFO]: [ChunkHolderManager] Waiting 60s for chunk I/O to halt for world 'world_the_end'
[09:19:05] [Server thread/INFO]: [ChunkHolderManager] Halted I/O scheduler for world 'world_the_end'
[09:19:05] [Server thread/INFO]: ThreadedAnvilChunkStorage (world): All chunks are saved
[09:19:05] [Server thread/INFO]: ThreadedAnvilChunkStorage (DIM-1): All chunks are saved
[09:19:05] [Server thread/INFO]: ThreadedAnvilChunkStorage (DIM1): All chunks are saved
[09:19:05] [Server thread/INFO]: ThreadedAnvilChunkStorage: All dimensions are saved
[09:19:05] [Server thread/INFO]: Waiting for all RegionFile I/O tasks to complete...
[09:19:05] [Server thread/INFO]: All RegionFile I/O tasks to complete
[09:19:05] [Server thread/INFO]: [MoonriseCommon] Awaiting termination of worker pool for up to 60s...
[09:19:05] [Server thread/INFO]: [MoonriseCommon] Awaiting termination of I/O pool for up to 60s...
